<?xml version="1.0" encoding="UTF-8"?>
<!-- Generated by org.testng.reporters.JUnitXMLReporter -->
<testsuite ignored="0" hostname="DESKTOP-D2E0CI7" failures="1" tests="2" name="Default test" time="0.695" errors="0" timestamp="2023-12-02T23:27:30 IST">
  <testcase classname="io.cucumber.testng.AbstractTestNGCucumberTests" name="runScenario" time="0.17"/>
  <testcase classname="io.cucumber.testng.AbstractTestNGCucumberTests" name="runScenario" time="0.028">
    <failure type="java.lang.NullPointerException" message="Cannot invoke &amp;quot;String.equals(Object)&amp;quot; because &amp;quot;BrowserName&amp;quot; is null">
      <![CDATA[java.lang.NullPointerException: Cannot invoke "String.equals(Object)" because "BrowserName" is null
at resources.base.initializedriver(base.java:43)
at StepDefinations.Homepage.user_initialize_the_browser(Homepage.java:28)
at ✽.User initialize the browser(file:///C:/WebAutomation/Eclipse_WorkSpace/E2E_Demo/src/test/java/features/Homepage.feature:5)
]]>
    </failure>
  </testcase> <!-- runScenario -->
</testsuite> <!-- Default test -->
