<?xml version="1.0" encoding="UTF-8"?>
<!-- Generated by org.testng.reporters.JUnitReportReporter -->
<testsuite hostname="DESKTOP-D2E0CI7" failures="0" tests="2" name="Runner.Runner" time="0.198" errors="1" timestamp="2023-12-02T23:27:30 IST" skipped="0">
  <testcase classname="Runner.Runner" name="runScenario" time="0.170"/>
  <testcase classname="Runner.Runner" name="runScenario" time="0.028">
    <error message="Cannot invoke &quot;String.equals(Object)&quot; because &quot;BrowserName&quot; is null" type="java.lang.NullPointerException">
      <![CDATA[java.lang.NullPointerException: Cannot invoke "String.equals(Object)" because "BrowserName" is null
at resources.base.initializedriver(base.java:43)
at StepDefinations.Homepage.user_initialize_the_browser(Homepage.java:28)
at ✽.User initialize the browser(file:///C:/WebAutomation/Eclipse_WorkSpace/E2E_Demo/src/test/java/features/Homepage.feature:5)
]]>
    </error>
  </testcase> <!-- runScenario -->
</testsuite> <!-- Runner.Runner -->
